<?xml version="1.0" encoding="UTF-8"?>
<testng-results ignored="0" total="2" passed="2" failed="0" skipped="0">
  <reporter-output>
  </reporter-output>
  <suite started-at="2023-06-30T20:53:04Z" name="Default suite" finished-at="2023-06-30T20:53:22Z" duration-ms="17666">
    <groups>
    </groups>
    <test started-at="2023-06-30T20:53:04Z" name="Default test" finished-at="2023-06-30T20:53:22Z" duration-ms="17666">
      <class name="com.AmazonCA.qa.testcases.Homepagetest">
        <test-method is-config="true" signature="setUp()[pri:0, instance:com.AmazonCA.qa.testcases.Homepagetest@7cbd9d24]" started-at="2023-06-30T20:53:04Z" name="setUp" finished-at="2023-06-30T20:53:12Z" duration-ms="7056" status="PASS">
          <reporter-output>
          </reporter-output>
        </test-method> <!-- setUp -->
        <test-method signature="HomepageTitleTest()[pri:0, instance:com.AmazonCA.qa.testcases.Homepagetest@7cbd9d24]" started-at="2023-06-30T20:53:12Z" name="HomepageTitleTest" finished-at="2023-06-30T20:53:12Z" duration-ms="26" status="PASS">
          <reporter-output>
          </reporter-output>
        </test-method> <!-- HomepageTitleTest -->
        <test-method is-config="true" signature="tearDown()[pri:0, instance:com.AmazonCA.qa.testcases.Homepagetest@7cbd9d24]" started-at="2023-06-30T20:53:12Z" name="tearDown" finished-at="2023-06-30T20:53:13Z" duration-ms="1874" status="PASS">
          <reporter-output>
          </reporter-output>
        </test-method> <!-- tearDown -->
        <test-method is-config="true" signature="setUp()[pri:0, instance:com.AmazonCA.qa.testcases.Homepagetest@7cbd9d24]" started-at="2023-06-30T20:53:13Z" name="setUp" finished-at="2023-06-30T20:53:20Z" duration-ms="6357" status="PASS">
          <reporter-output>
          </reporter-output>
        </test-method> <!-- setUp -->
        <test-method signature="footerpresentTest()[pri:0, instance:com.AmazonCA.qa.testcases.Homepagetest@7cbd9d24]" started-at="2023-06-30T20:53:20Z" name="footerpresentTest" finished-at="2023-06-30T20:53:20Z" duration-ms="257" status="PASS">
          <reporter-output>
          </reporter-output>
        </test-method> <!-- footerpresentTest -->
        <test-method is-config="true" signature="tearDown()[pri:0, instance:com.AmazonCA.qa.testcases.Homepagetest@7cbd9d24]" started-at="2023-06-30T20:53:20Z" name="tearDown" finished-at="2023-06-30T20:53:22Z" duration-ms="2054" status="PASS">
          <reporter-output>
          </reporter-output>
        </test-method> <!-- tearDown -->
      </class> <!-- com.AmazonCA.qa.testcases.Homepagetest -->
    </test> <!-- Default test -->
  </suite> <!-- Default suite -->
</testng-results>
