<?xml version="1.0" encoding="UTF-8"?>
<!-- Generated by org.testng.reporters.JUnitXMLReporter -->
<testsuite ignored="0" hostname="DESKTOP-DA6GEAH" failures="0" tests="2" name="Default test" time="17.666" errors="0" timestamp="30 Jun. 2023 20:53:22 GMT">
  <testcase classname="com.AmazonCA.qa.testcases.Homepagetest" name="HomepageTitleTest" time="0.026"/>
  <testcase classname="com.AmazonCA.qa.testcases.Homepagetest" name="footerpresentTest" time="0.257"/>
</testsuite> <!-- Default test -->
